./myTEST2.lean:19:59: error: Function expected at
  range 1
but this term has type
  Finset ℕ

Note: Expected a function because this term is being applied to the argument
  2024
./myTEST2.lean:24:59: error: Function expected at
  range 1
but this term has type
  Finset ℕ

Note: Expected a function because this term is being applied to the argument
  2023
